2.28503 -2.06475 4.68319 
2.28503 -2.06475 4.68319 
2.28503 -2.06475 1.53319 
2.45875 2.55199 1.53319 
2.45875 2.55199 1.53319 
2.45875 2.55199 1.53319 
2.45875 2.55199 1.53319 
2.52869 4.41067 1.53319 
2.52869 4.41067 1.53319 
2.52869 4.41067 1.53319 
2.52869 4.41067 1.53319 
2.52869 4.41067 4.81637 
2.67192 3.03812 4.81637 
2.6754 2.91836 4.61637 
2.20084 -2.00884 4.61637 
2.1807 -2.21787 4.61637 
2.2248 -1.75999 4.61637 
2.2248 -1.75999 4.61637 
2.2248 -1.75999 4.61637 
2.16153 -2.41695 4.61637 
2.06784 -2.6987 4.11637 
1.8826 -2.9718 4.11637 
1.81523 -3.07111 4.11637 
1.4587 -3.32822 3.36637 
1.16885 -3.4772 3.91637 
0.525735 -4.1068 3.91637 
0.525735 -4.1068 3.91637 
0.525735 -4.1068 3.91637 
