0 0 0 
0 0 0 
1.53 0 0 
1.53 0 0 
1.53 0 0 
1.74 0 0 
2.3436 0.483134 1.4 
2.39459 0.778769 1.4 
2.40605 0.898032 1.6 
2.37539 1.94758 1.6 
2.37539 1.94758 1.6 
2.37539 1.94758 1.6 
2.37539 1.94758 1.6 
2.37539 1.94758 4.58319 
2.329 1.59059 4.58319 
2.32464 1.44102 4.83319 
2.36802 1.08365 4.83319 
2.37438 0.993947 4.68319 
2.33496 -0.355477 4.68319 
2.33496 -0.355477 4.68319 
2.33496 -0.355477 4.68319 
2.33496 -0.355477 4.68319 
2.28503 -2.06475 4.68319 
2.28503 -2.06475 4.68319 
2.28503 -2.06475 4.68319 
